<?xml version="1.0" encoding="UTF-8"?>
<testng-results skipped="0" failed="2" total="5" passed="3">
  <reporter-output>
  </reporter-output>
  <suite name="Suite" duration-ms="166735" started-at="2020-06-11T10:50:40Z" finished-at="2020-06-11T10:53:26Z">
    <groups>
    </groups>
    <test name="Test" duration-ms="166735" started-at="2020-06-11T10:50:40Z" finished-at="2020-06-11T10:53:26Z">
      <class name="testCases.Admin_SettingsPageTest">
        <test-method status="PASS" signature="testSetUp()[pri:0, instance:testCases.Admin_SettingsPageTest@ee68d8]" name="testSetUp" is-config="true" duration-ms="19040" started-at="2020-06-11T16:22:39Z" finished-at="2020-06-11T16:22:59Z">
          <reporter-output>
          </reporter-output>
        </test-method> <!-- testSetUp -->
        <test-method status="FAIL" signature="createNewMediaGroups()[pri:0, instance:testCases.Admin_SettingsPageTest@ee68d8]" name="createNewMediaGroups" duration-ms="26619" started-at="2020-06-11T16:22:59Z" description="Creating a new Media Group" finished-at="2020-06-11T16:23:25Z">
          <exception class="org.openqa.selenium.TimeoutException">
            <message>
              <![CDATA[Expected condition failed: waiting for presence of element located by: By.xpath: //a[@href='/admin/settings/mediagroupp'] (tried for 20 second(s) with 500 milliseconds interval)]]>
            </message>
            <full-stacktrace>
              <![CDATA[org.openqa.selenium.TimeoutException: Expected condition failed: waiting for presence of element located by: By.xpath: //a[@href='/admin/settings/mediagroupp'] (tried for 20 second(s) with 500 milliseconds interval)
	at org.openqa.selenium.support.ui.WebDriverWait.timeoutException(WebDriverWait.java:95)
	at org.openqa.selenium.support.ui.FluentWait.until(FluentWait.java:272)
	at utils.CommonUtilities.findElementMethod(CommonUtilities.java:132)
	at utils.CommonUtilities.clickMethod(CommonUtilities.java:173)
	at pageRepository.Admin_SettingsPage.getListOfExistingMediaGroups(Admin_SettingsPage.java:40)
	at testCases.Admin_SettingsPageTest.createNewMediaGroups(Admin_SettingsPageTest.java:46)
	at sun.reflect.NativeMethodAccessorImpl.invoke0(Native Method)
	at sun.reflect.NativeMethodAccessorImpl.invoke(Unknown Source)
	at sun.reflect.DelegatingMethodAccessorImpl.invoke(Unknown Source)
	at java.lang.reflect.Method.invoke(Unknown Source)
	at org.testng.internal.MethodInvocationHelper.invokeMethod(MethodInvocationHelper.java:86)
	at org.testng.internal.Invoker.invokeMethod(Invoker.java:645)
	at org.testng.internal.Invoker.invokeTestMethod(Invoker.java:822)
	at org.testng.internal.Invoker.invokeTestMethods(Invoker.java:1130)
	at org.testng.internal.TestMethodWorker.invokeTestMethods(TestMethodWorker.java:129)
	at org.testng.internal.TestMethodWorker.run(TestMethodWorker.java:112)
	at org.testng.TestRunner.privateRun(TestRunner.java:782)
	at org.testng.TestRunner.run(TestRunner.java:632)
	at org.testng.SuiteRunner.runTest(SuiteRunner.java:366)
	at org.testng.SuiteRunner.runSequentially(SuiteRunner.java:361)
	at org.testng.SuiteRunner.privateRun(SuiteRunner.java:319)
	at org.testng.SuiteRunner.run(SuiteRunner.java:268)
	at org.testng.SuiteRunnerWorker.runSuite(SuiteRunnerWorker.java:52)
	at org.testng.SuiteRunnerWorker.run(SuiteRunnerWorker.java:86)
	at org.testng.TestNG.runSuitesSequentially(TestNG.java:1244)
	at org.testng.TestNG.runSuitesLocally(TestNG.java:1169)
	at org.testng.TestNG.run(TestNG.java:1064)
	at org.testng.remote.RemoteTestNG.run(RemoteTestNG.java:113)
	at org.testng.remote.RemoteTestNG.initAndRun(RemoteTestNG.java:206)
	at org.testng.remote.RemoteTestNG.main(RemoteTestNG.java:177)
Caused by: org.openqa.selenium.NoSuchElementException: no such element: Unable to locate element: {"method":"xpath","selector":"//a[@href='/admin/settings/mediagroupp']"}
  (Session info: chrome=83.0.4103.97)
For documentation on this error, please visit: https://www.seleniumhq.org/exceptions/no_such_element.html
Build info: version: '3.141.59', revision: 'e82be7d358', time: '2018-11-14T08:17:03'
System info: host: 'PIYUSH-PC', ip: '192.168.43.64', os.name: 'Windows 7', os.arch: 'x86', os.version: '6.1', java.version: '1.8.0_191'
Driver info: org.openqa.selenium.chrome.ChromeDriver
Capabilities {acceptInsecureCerts: false, browserName: chrome, browserVersion: 83.0.4103.97, chrome: {chromedriverVersion: 83.0.4103.14 (be04594a2b841..., userDataDir: C:\Users\Piyush\AppData\Loc...}, goog:chromeOptions: {debuggerAddress: localhost:54667}, javascriptEnabled: true, networkConnectionEnabled: false, pageLoadStrategy: normal, platform: WINDOWS, platformName: WINDOWS, proxy: Proxy(), setWindowRect: true, strictFileInteractability: false, timeouts: {implicit: 0, pageLoad: 300000, script: 30000}, unhandledPromptBehavior: dismiss and notify, webauthn:virtualAuthenticators: true}
Session ID: a302599c1bd9b64f9244ceba02faf0de
*** Element info: {Using=xpath, value=//a[@href='/admin/settings/mediagroupp']}
	at sun.reflect.NativeConstructorAccessorImpl.newInstance0(Native Method)
	at sun.reflect.NativeConstructorAccessorImpl.newInstance(Unknown Source)
	at sun.reflect.DelegatingConstructorAccessorImpl.newInstance(Unknown Source)
	at java.lang.reflect.Constructor.newInstance(Unknown Source)
	at org.openqa.selenium.remote.http.W3CHttpResponseCodec.createException(W3CHttpResponseCodec.java:187)
	at org.openqa.selenium.remote.http.W3CHttpResponseCodec.decode(W3CHttpResponseCodec.java:122)
	at org.openqa.selenium.remote.http.W3CHttpResponseCodec.decode(W3CHttpResponseCodec.java:49)
	at org.openqa.selenium.remote.HttpCommandExecutor.execute(HttpCommandExecutor.java:158)
	at org.openqa.selenium.remote.service.DriverCommandExecutor.execute(DriverCommandExecutor.java:83)
	at org.openqa.selenium.remote.RemoteWebDriver.execute(RemoteWebDriver.java:552)
	at org.openqa.selenium.remote.RemoteWebDriver.findElement(RemoteWebDriver.java:323)
	at org.openqa.selenium.remote.RemoteWebDriver.findElementByXPath(RemoteWebDriver.java:428)
	at org.openqa.selenium.By$ByXPath.findElement(By.java:353)
	at org.openqa.selenium.remote.RemoteWebDriver.findElement(RemoteWebDriver.java:315)
	at org.openqa.selenium.support.ui.ExpectedConditions$6.apply(ExpectedConditions.java:182)
	at org.openqa.selenium.support.ui.ExpectedConditions$6.apply(ExpectedConditions.java:179)
	at org.openqa.selenium.support.ui.FluentWait.until(FluentWait.java:249)
	... 28 more
]]>
            </full-stacktrace>
          </exception> <!-- org.openqa.selenium.TimeoutException -->
          <reporter-output>
          </reporter-output>
        </test-method> <!-- createNewMediaGroups -->
        <test-method status="PASS" signature="tearDown()[pri:0, instance:testCases.Admin_SettingsPageTest@ee68d8]" name="tearDown" is-config="true" duration-ms="786" started-at="2020-06-11T16:23:26Z" finished-at="2020-06-11T16:23:26Z">
          <reporter-output>
          </reporter-output>
        </test-method> <!-- tearDown -->
      </class> <!-- testCases.Admin_SettingsPageTest -->
      <class name="testCases.LoginPageTest">
        <test-method status="PASS" signature="testSetUp()[pri:0, instance:testCases.LoginPageTest@19a81e8]" name="testSetUp" is-config="true" duration-ms="15175" started-at="2020-06-11T16:20:40Z" finished-at="2020-06-11T16:20:55Z">
          <reporter-output>
          </reporter-output>
        </test-method> <!-- testSetUp -->
        <test-method status="PASS" signature="validateUserLoginElementsAreDisplayed()[pri:0, instance:testCases.LoginPageTest@19a81e8]" name="validateUserLoginElementsAreDisplayed" duration-ms="925" started-at="2020-06-11T16:20:55Z" description="Verify login page elements are displayed" finished-at="2020-06-11T16:20:56Z">
          <reporter-output>
          </reporter-output>
        </test-method> <!-- validateUserLoginElementsAreDisplayed -->
        <test-method status="PASS" signature="tearDown()[pri:0, instance:testCases.LoginPageTest@19a81e8]" name="tearDown" is-config="true" duration-ms="1141" started-at="2020-06-11T16:20:56Z" finished-at="2020-06-11T16:20:57Z">
          <reporter-output>
          </reporter-output>
        </test-method> <!-- tearDown -->
        <test-method status="PASS" signature="testSetUp()[pri:0, instance:testCases.LoginPageTest@19a81e8]" name="testSetUp" is-config="true" duration-ms="18956" started-at="2020-06-11T16:20:57Z" finished-at="2020-06-11T16:21:16Z">
          <reporter-output>
          </reporter-output>
        </test-method> <!-- testSetUp -->
        <test-method status="PASS" signature="validateBrokenLinks()[pri:1, instance:testCases.LoginPageTest@19a81e8]" name="validateBrokenLinks" duration-ms="35862" started-at="2020-06-11T16:21:16Z" description="Verify if links are broken" finished-at="2020-06-11T16:21:52Z">
          <reporter-output>
          </reporter-output>
        </test-method> <!-- validateBrokenLinks -->
        <test-method status="PASS" signature="tearDown()[pri:0, instance:testCases.LoginPageTest@19a81e8]" name="tearDown" is-config="true" duration-ms="1260" started-at="2020-06-11T16:21:52Z" finished-at="2020-06-11T16:21:53Z">
          <reporter-output>
          </reporter-output>
        </test-method> <!-- tearDown -->
        <test-method status="PASS" signature="testSetUp()[pri:0, instance:testCases.LoginPageTest@19a81e8]" name="testSetUp" is-config="true" duration-ms="13658" started-at="2020-06-11T16:21:53Z" finished-at="2020-06-11T16:22:07Z">
          <reporter-output>
          </reporter-output>
        </test-method> <!-- testSetUp -->
        <test-method status="PASS" signature="validateUserLogin()[pri:2, instance:testCases.LoginPageTest@19a81e8]" name="validateUserLogin" duration-ms="6541" started-at="2020-06-11T16:22:07Z" description="Verify login functionality" finished-at="2020-06-11T16:22:13Z">
          <reporter-output>
          </reporter-output>
        </test-method> <!-- validateUserLogin -->
        <test-method status="PASS" signature="tearDown()[pri:0, instance:testCases.LoginPageTest@19a81e8]" name="tearDown" is-config="true" duration-ms="1101" started-at="2020-06-11T16:22:13Z" finished-at="2020-06-11T16:22:14Z">
          <reporter-output>
          </reporter-output>
        </test-method> <!-- tearDown -->
      </class> <!-- testCases.LoginPageTest -->
      <class name="testCases.DashboardPageTest">
        <test-method status="PASS" signature="testSetUp()[pri:0, instance:testCases.DashboardPageTest@1629756]" name="testSetUp" is-config="true" duration-ms="17347" started-at="2020-06-11T16:22:14Z" finished-at="2020-06-11T16:22:32Z">
          <reporter-output>
          </reporter-output>
        </test-method> <!-- testSetUp -->
        <test-method status="FAIL" signature="navigateToAdminPage()[pri:0, instance:testCases.DashboardPageTest@1629756]" name="navigateToAdminPage" duration-ms="5491" started-at="2020-06-11T16:22:32Z" finished-at="2020-06-11T16:22:37Z">
          <exception class="java.lang.AssertionError">
            <message>
              <![CDATA[Validating Admin Page URL expected [https://edulence.knowledgelink.tv/admin/reports] but found [https://edulence.knowledgelink.tv/admin/]]]>
            </message>
            <full-stacktrace>
              <![CDATA[java.lang.AssertionError: Validating Admin Page URL expected [https://edulence.knowledgelink.tv/admin/reports] but found [https://edulence.knowledgelink.tv/admin/]
	at org.testng.Assert.fail(Assert.java:94)
	at org.testng.Assert.failNotEquals(Assert.java:513)
	at org.testng.Assert.assertEqualsImpl(Assert.java:135)
	at org.testng.Assert.assertEquals(Assert.java:116)
	at org.testng.Assert.assertEquals(Assert.java:190)
	at testCases.DashboardPageTest.navigateToAdminPage(DashboardPageTest.java:54)
	at sun.reflect.NativeMethodAccessorImpl.invoke0(Native Method)
	at sun.reflect.NativeMethodAccessorImpl.invoke(Unknown Source)
	at sun.reflect.DelegatingMethodAccessorImpl.invoke(Unknown Source)
	at java.lang.reflect.Method.invoke(Unknown Source)
	at org.testng.internal.MethodInvocationHelper.invokeMethod(MethodInvocationHelper.java:86)
	at org.testng.internal.Invoker.invokeMethod(Invoker.java:645)
	at org.testng.internal.Invoker.invokeTestMethod(Invoker.java:822)
	at org.testng.internal.Invoker.invokeTestMethods(Invoker.java:1130)
	at org.testng.internal.TestMethodWorker.invokeTestMethods(TestMethodWorker.java:129)
	at org.testng.internal.TestMethodWorker.run(TestMethodWorker.java:112)
	at org.testng.TestRunner.privateRun(TestRunner.java:782)
	at org.testng.TestRunner.run(TestRunner.java:632)
	at org.testng.SuiteRunner.runTest(SuiteRunner.java:366)
	at org.testng.SuiteRunner.runSequentially(SuiteRunner.java:361)
	at org.testng.SuiteRunner.privateRun(SuiteRunner.java:319)
	at org.testng.SuiteRunner.run(SuiteRunner.java:268)
	at org.testng.SuiteRunnerWorker.runSuite(SuiteRunnerWorker.java:52)
	at org.testng.SuiteRunnerWorker.run(SuiteRunnerWorker.java:86)
	at org.testng.TestNG.runSuitesSequentially(TestNG.java:1244)
	at org.testng.TestNG.runSuitesLocally(TestNG.java:1169)
	at org.testng.TestNG.run(TestNG.java:1064)
	at org.testng.remote.RemoteTestNG.run(RemoteTestNG.java:113)
	at org.testng.remote.RemoteTestNG.initAndRun(RemoteTestNG.java:206)
	at org.testng.remote.RemoteTestNG.main(RemoteTestNG.java:177)
]]>
            </full-stacktrace>
          </exception> <!-- java.lang.AssertionError -->
          <reporter-output>
          </reporter-output>
        </test-method> <!-- navigateToAdminPage -->
        <test-method status="PASS" signature="tearDown()[pri:0, instance:testCases.DashboardPageTest@1629756]" name="tearDown" is-config="true" duration-ms="999" started-at="2020-06-11T16:22:38Z" finished-at="2020-06-11T16:22:39Z">
          <reporter-output>
          </reporter-output>
        </test-method> <!-- tearDown -->
      </class> <!-- testCases.DashboardPageTest -->
    </test> <!-- Test -->
  </suite> <!-- Suite -->
</testng-results>
